# JRE version: OpenJDK Runtime Environment Temurin-21.0.7+6 (21.0.7+6) (build 21.0.7+6-LTS)
# Java VM: OpenJDK 64-Bit Server VM Temurin-21.0.7+6 (21.0.7+6-LTS, mixed mode, sharing, tiered, compressed oops, compressed class ptrs, g1 gc, windows-amd64)
GC Precious Log:
 CardTable entry size: 512
 Card Set container configuration: InlinePtr #cards 4 size 8 Array Of Cards #cards 32 size 80 Howl #buckets 8 coarsen threshold 7372 Howl Bitmap #cards 1024 size 144 coarsen threshold 921 Card regions per heap region 1 cards per card region 8192
 CPUs: 12 total, 12 available
 Memory: 7501M
 Large Page Support: Disabled
 NUMA Support: Disabled
 Compressed Oops: Enabled (Zero based)
 Heap Region Size: 4M
 Heap Min Capacity: 8M
 Heap Initial Capacity: 120M
 Heap Max Capacity: 8G
 Pre-touch: Disabled
 Parallel Workers: 10
 Concurrent Workers: 3
 Concurrent Refinement Workers: 10
 Periodic GC: Disabled
Heap:
 garbage-first heap   total 397312K, used 257092K [0x0000000600000000, 0x0000000800000000)
  region size 4096K, 4 young (16384K), 4 survivors (16384K)
 Metaspace       used 183002K, committed 186240K, reserved 1245184K
  class space    used 23615K, committed 25216K, reserved 1048576K
GC Heap History (20 events):
Event: 106.828 GC heap after
{Heap after GC invocations=66 (full 0):
 garbage-first heap   total 364544K, used 218037K [0x0000000600000000, 0x0000000800000000)
  region size 4096K, 3 young (12288K), 3 survivors (12288K)
 Metaspace       used 164684K, committed 167680K, reserved 1245184K
  class space    used 21117K, committed 22656K, reserved 1048576K
}
Event: 110.510 GC heap before
{Heap before GC invocations=66 (full 0):
 garbage-first heap   total 364544K, used 328629K [0x0000000600000000, 0x0000000800000000)
  region size 4096K, 30 young (122880K), 3 survivors (12288K)
 Metaspace       used 164798K, committed 167808K, reserved 1245184K
  class space    used 21117K, committed 22656K, reserved 1048576K
}
Event: 110.518 GC heap after
{Heap after GC invocations=67 (full 0):
 garbage-first heap   total 364544K, used 220140K [0x0000000600000000, 0x0000000800000000)
  region size 4096K, 3 young (12288K), 3 survivors (12288K)
 Metaspace       used 164798K, committed 167808K, reserved 1245184K
  class space    used 21117K, committed 22656K, reserved 1048576K
}
Event: 112.397 GC heap before
{Heap before GC invocations=68 (full 0):
 garbage-first heap   total 376832K, used 318444K [0x0000000600000000, 0x0000000800000000)
  region size 4096K, 28 young (114688K), 3 survivors (12288K)
 Metaspace       used 164932K, committed 167936K, reserved 1245184K
  class space    used 21122K, committed 22656K, reserved 1048576K
}
Event: 112.408 GC heap after
{Heap after GC invocations=69 (full 0):
 garbage-first heap   total 376832K, used 228158K [0x0000000600000000, 0x0000000800000000)
  region size 4096K, 3 young (12288K), 3 survivors (12288K)
 Metaspace       used 164932K, committed 167936K, reserved 1245184K
  class space    used 21122K, committed 22656K, reserved 1048576K
}
Event: 115.368 GC heap before
{Heap before GC invocations=69 (full 0):
 garbage-first heap   total 376832K, used 338750K [0x0000000600000000, 0x0000000800000000)
  region size 4096K, 30 young (122880K), 3 survivors (12288K)
 Metaspace       used 169204K, committed 172224K, reserved 1245184K
  class space    used 21615K, committed 23168K, reserved 1048576K
}
Event: 115.373 GC heap after
{Heap after GC invocations=70 (full 0):
 garbage-first heap   total 376832K, used 207890K [0x0000000600000000, 0x0000000800000000)
  region size 4096K, 1 young (4096K), 1 survivors (4096K)
 Metaspace       used 169204K, committed 172224K, reserved 1245184K
  class space    used 21615K, committed 23168K, reserved 1048576K
}
Event: 118.100 GC heap before
{Heap before GC invocations=70 (full 0):
 garbage-first heap   total 376832K, used 347154K [0x0000000600000000, 0x0000000800000000)
  region size 4096K, 35 young (143360K), 1 survivors (4096K)
 Metaspace       used 178304K, committed 181376K, reserved 1245184K
  class space    used 22947K, committed 24512K, reserved 1048576K
}
Event: 118.111 GC heap after
{Heap after GC invocations=71 (full 0):
 garbage-first heap   total 376832K, used 213131K [0x0000000600000000, 0x0000000800000000)
  region size 4096K, 3 young (12288K), 3 survivors (12288K)
 Metaspace       used 178304K, committed 181376K, reserved 1245184K
  class space    used 22947K, committed 24512K, reserved 1048576K
}
Event: 122.550 GC heap before
{Heap before GC invocations=72 (full 0):
 garbage-first heap   total 376832K, used 331915K [0x0000000600000000, 0x0000000800000000)
  region size 4096K, 33 young (135168K), 3 survivors (12288K)
 Metaspace       used 179258K, committed 182400K, reserved 1245184K
  class space    used 23080K, committed 24640K, reserved 1048576K
}
Event: 122.563 GC heap after
{Heap after GC invocations=73 (full 0):
 garbage-first heap   total 376832K, used 224205K [0x0000000600000000, 0x0000000800000000)
  region size 4096K, 5 young (20480K), 5 survivors (20480K)
 Metaspace       used 179258K, committed 182400K, reserved 1245184K
  class space    used 23080K, committed 24640K, reserved 1048576K
}
Event: 123.091 GC heap before
{Heap before GC invocations=73 (full 0):
 garbage-first heap   total 376832K, used 326605K [0x0000000600000000, 0x0000000800000000)
  region size 4096K, 31 young (126976K), 5 survivors (20480K)
 Metaspace       used 179263K, committed 182400K, reserved 1245184K
  class space    used 23080K, committed 24640K, reserved 1048576K
}
Event: 123.109 GC heap after
{Heap after GC invocations=74 (full 0):
 garbage-first heap   total 376832K, used 222392K [0x0000000600000000, 0x0000000800000000)
  region size 4096K, 2 young (8192K), 2 survivors (8192K)
 Metaspace       used 179263K, committed 182400K, reserved 1245184K
  class space    used 23080K, committed 24640K, reserved 1048576K
}
Event: 124.057 GC heap before
{Heap before GC invocations=74 (full 0):
 garbage-first heap   total 376832K, used 271544K [0x0000000600000000, 0x0000000800000000)
  region size 4096K, 15 young (61440K), 2 survivors (8192K)
 Metaspace       used 179738K, committed 182912K, reserved 1245184K
  class space    used 23139K, committed 24704K, reserved 1048576K
}
Event: 124.069 GC heap after
{Heap after GC invocations=75 (full 0):
 garbage-first heap   total 376832K, used 228776K [0x0000000600000000, 0x0000000800000000)
  region size 4096K, 4 young (16384K), 4 survivors (16384K)
 Metaspace       used 179738K, committed 182912K, reserved 1245184K
  class space    used 23139K, committed 24704K, reserved 1048576K
}
Event: 138.960 GC heap before
{Heap before GC invocations=76 (full 0):
 garbage-first heap   total 397312K, used 335272K [0x0000000600000000, 0x0000000800000000)
  region size 4096K, 29 young (118784K), 4 survivors (16384K)
 Metaspace       used 181958K, committed 185152K, reserved 1245184K
  class space    used 23480K, committed 25088K, reserved 1048576K
}
Event: 139.125 GC heap after
{Heap after GC invocations=77 (full 0):
 garbage-first heap   total 397312K, used 244415K [0x0000000600000000, 0x0000000800000000)
  region size 4096K, 4 young (16384K), 4 survivors (16384K)
 Metaspace       used 181958K, committed 185152K, reserved 1245184K
  class space    used 23480K, committed 25088K, reserved 1048576K
}
Event: 139.407 GC heap before
{Heap before GC invocations=77 (full 0):
 garbage-first heap   total 397312K, used 355007K [0x0000000600000000, 0x0000000800000000)
  region size 4096K, 31 young (126976K), 4 survivors (16384K)
 Metaspace       used 181962K, committed 185152K, reserved 1245184K
  class space    used 23480K, committed 25088K, reserved 1048576K
}
Event: 139.420 GC heap after
{Heap after GC invocations=78 (full 0):
 garbage-first heap   total 397312K, used 245788K [0x0000000600000000, 0x0000000800000000)
  region size 4096K, 2 young (8192K), 2 survivors (8192K)
 Metaspace       used 181962K, committed 185152K, reserved 1245184K
  class space    used 23480K, committed 25088K, reserved 1048576K
}
Event: 149.068 GC heap before
{Heap before GC invocations=78 (full 0):
 garbage-first heap   total 397312K, used 352284K [0x0000000600000000, 0x0000000800000000)
  region size 4096K, 29 young (118784K), 2 survivors (8192K)
 Metaspace       used 183002K, committed 186240K, reserved 1245184K
  class space    used 23615K, committed 25216K, reserved 1048576K
}

